<?xml version="1.0" encoding="UTF-8"?>
<testng-results ignored="0" total="0" passed="0" failed="0" skipped="0">
  <reporter-output>
  </reporter-output>
  <suite started-at="2023-05-17T13:53:04 MSK" name="PhoneBookTest" finished-at="2023-05-17T13:53:04 MSK" duration-ms="25">
    <groups>
    </groups>
    <test started-at="2023-05-17T13:53:04 MSK" name="Command line test" finished-at="2023-05-17T13:53:04 MSK" duration-ms="25">
    </test> <!-- Command line test -->
  </suite> <!-- PhoneBookTest -->
</testng-results>
